{"name": "проверка успешного оформления заказа", "status": "broken", "statusDetails": {"message": "selenium.common.exceptions.TimeoutException: Message: \nStacktrace:\nRemoteError@chrome://remote/content/shared/RemoteError.sys.mjs:8:8\nWebDriverError@chrome://remote/content/shared/webdriver/Errors.sys.mjs:193:5\nNoSuchElementError@chrome://remote/content/shared/webdriver/Errors.sys.mjs:511:5\ndom.find/</<@chrome://remote/content/shared/DOM.sys.mjs:136:16", "trace": "self = <tests.test_order_page.TestOrderPage object at 0x000001FC76E22C30>, main_page = <pages.main_page.MainPage object at 0x000001FC76E97A70>\norder_page = <pages.order_page.OrderPage object at 0x000001FC76E95970>, locator_color = ('xpath', '.// input[ @ id = \"black\"]')\n\n    @pytest.mark.parametrize('locator_color', [OrderPageLocators.CHECK_COLOR_BLACK, OrderPageLocators.CHECK_COLOR_GREY])\n    @allure.description('Переходим на страницу заказа, заполняем данные и проверяем, что элемент страницы с результатом заказа содержит надпись \"Заказ оформлен\". ПРоверка выполняется для двух цветов самоката ')\n    @allure.title('проверка успешного оформления заказа')\n    def test_create_order(self, main_page, order_page, locator_color):\n        main_page.click_to_element(MainPageLocators.BUTTON_ORDER_HEADER) # нажимаем на кнопку \"Заказать\" в шапке\n>       result = order_page.set_order(locator_color, ORDER_INFO_DICT) # заполняем параметры заказа и получаем элемент текущей страницы\n\ntests\\test_order_page.py:15: \n_ _ _ _ _ _ _ _ _ _ _ _ _ _ _ _ _ _ _ _ _ _ _ _ _ _ _ _ _ _ _ _ _ _ _ _ _ _ _ _ _ _ _ _ _ _ _ _ _ _ _ _ _ _ _ _ _ _ _ _ _ _ _ _ _ _ _ _ _ _ _ _ _ _ _ _\npages\\order_page.py:19: in set_order\n    self.choice_element(OrderPageLocators.FIELD_METRO, OrderPageLocators.BUTTON_METRO, generated_metro)\npages\\order_page.py:12: in choice_element\n    self.click_to_element(format_locator)\npages\\base_page.py:17: in click_to_element\n    WebDriverWait(self.driver, 10).until(expected_conditions.visibility_of_element_located(locator))\n_ _ _ _ _ _ _ _ _ _ _ _ _ _ _ _ _ _ _ _ _ _ _ _ _ _ _ _ _ _ _ _ _ _ _ _ _ _ _ _ _ _ _ _ _ _ _ _ _ _ _ _ _ _ _ _ _ _ _ _ _ _ _ _ _ _ _ _ _ _ _ _ _ _ _ _\n\nself = <selenium.webdriver.support.wait.WebDriverWait (session=\"29afab57-7391-45c1-aa68-ddcb6f6002fb\")>\nmethod = <function visibility_of_element_located.<locals>._predicate at 0x000001FC76EA1C60>, message = ''\n\n    def until(self, method: Callable[[D], Union[Literal[False], T]], message: str = \"\") -> T:\n        \"\"\"Calls the method provided with the driver as an argument until the \\\n        return value does not evaluate to ``False``.\n    \n        :param method: callable(WebDriver)\n        :param message: optional message for :exc:`TimeoutException`\n        :returns: the result of the last call to `method`\n        :raises: :exc:`selenium.common.exceptions.TimeoutException` if timeout occurs\n        \"\"\"\n        screen = None\n        stacktrace = None\n    \n        end_time = time.monotonic() + self._timeout\n        while True:\n            try:\n                value = method(self._driver)\n                if value:\n                    return value\n            except self._ignored_exceptions as exc:\n                screen = getattr(exc, \"screen\", None)\n                stacktrace = getattr(exc, \"stacktrace\", None)\n            time.sleep(self._poll)\n            if time.monotonic() > end_time:\n                break\n>       raise TimeoutException(message, screen, stacktrace)\nE       selenium.common.exceptions.TimeoutException: Message: \nE       Stacktrace:\nE       RemoteError@chrome://remote/content/shared/RemoteError.sys.mjs:8:8\nE       WebDriverError@chrome://remote/content/shared/webdriver/Errors.sys.mjs:193:5\nE       NoSuchElementError@chrome://remote/content/shared/webdriver/Errors.sys.mjs:511:5\nE       dom.find/</<@chrome://remote/content/shared/DOM.sys.mjs:136:16\n\nvenv\\Lib\\site-packages\\selenium\\webdriver\\support\\wait.py:105: TimeoutException"}, "description": "Переходим на страницу заказа, заполняем данные и проверяем, что элемент страницы с результатом заказа содержит надпись \"Заказ оформлен\". ПРоверка выполняется для двух цветов самоката ", "steps": [{"name": "поиск элемента с нажатием на него", "status": "passed", "parameters": [{"name": "locator", "value": "('xpath', './/div [contains(@class,\"Header_Nav\")]/button[(contains(@class, \"Button_Button\")) and text()=\"Заказать\"]')"}], "start": 1718873776502, "stop": 1718873776764}, {"name": "Оформление заказа", "status": "broken", "statusDetails": {"message": "selenium.common.exceptions.TimeoutException: Message: \nStacktrace:\nRemoteError@chrome://remote/content/shared/RemoteError.sys.mjs:8:8\nWebDriverError@chrome://remote/content/shared/webdriver/Errors.sys.mjs:193:5\nNoSuchElementError@chrome://remote/content/shared/webdriver/Errors.sys.mjs:511:5\ndom.find/</<@chrome://remote/content/shared/DOM.sys.mjs:136:16\n\n", "trace": "  File \"C:\\Users\\User\\PycharmProjects\\Sprint_6\\venv\\Lib\\site-packages\\allure_commons\\_allure.py\", line 192, in impl\n    return func(*a, **kw)\n           ^^^^^^^^^^^^^^\n  File \"C:\\Users\\User\\PycharmProjects\\Sprint_6\\pages\\order_page.py\", line 19, in set_order\n    self.choice_element(OrderPageLocators.FIELD_METRO, OrderPageLocators.BUTTON_METRO, generated_metro)\n  File \"C:\\Users\\User\\PycharmProjects\\Sprint_6\\venv\\Lib\\site-packages\\allure_commons\\_allure.py\", line 192, in impl\n    return func(*a, **kw)\n           ^^^^^^^^^^^^^^\n  File \"C:\\Users\\User\\PycharmProjects\\Sprint_6\\pages\\order_page.py\", line 12, in choice_element\n    self.click_to_element(format_locator)\n  File \"C:\\Users\\User\\PycharmProjects\\Sprint_6\\venv\\Lib\\site-packages\\allure_commons\\_allure.py\", line 192, in impl\n    return func(*a, **kw)\n           ^^^^^^^^^^^^^^\n  File \"C:\\Users\\User\\PycharmProjects\\Sprint_6\\pages\\base_page.py\", line 17, in click_to_element\n    WebDriverWait(self.driver, 10).until(expected_conditions.visibility_of_element_located(locator))\n  File \"C:\\Users\\User\\PycharmProjects\\Sprint_6\\venv\\Lib\\site-packages\\selenium\\webdriver\\support\\wait.py\", line 105, in until\n    raise TimeoutException(message, screen, stacktrace)\n"}, "steps": [{"name": "поиск элемента ввода и ввод текста", "status": "passed", "steps": [{"name": " поиск элемента с ожиданием", "status": "passed", "parameters": [{"name": "locator", "value": "('xpath', './/input[@placeholder=\"* Имя\"]')"}], "start": 1718873776765, "stop": 1718873776778}], "parameters": [{"name": "locator", "value": "('xpath', './/input[@placeholder=\"* Имя\"]')"}, {"name": "text", "value": "'Игорь'"}], "start": 1718873776765, "stop": 1718873776832}, {"name": "поиск элемента ввода и ввод текста", "status": "passed", "steps": [{"name": " поиск элемента с ожиданием", "status": "passed", "parameters": [{"name": "locator", "value": "('xpath', './/input[@placeholder=\"* Фамилия\"]')"}], "start": 1718873776832, "stop": 1718873776844}], "parameters": [{"name": "locator", "value": "('xpath', './/input[@placeholder=\"* Фамилия\"]')"}, {"name": "text", "value": "'Ткаченко'"}], "start": 1718873776832, "stop": 1718873776862}, {"name": "поиск элемента ввода и ввод текста", "status": "passed", "steps": [{"name": " поиск элемента с ожиданием", "status": "passed", "parameters": [{"name": "locator", "value": "('xpath', './/input[@placeholder=\"* Адрес: куда привезти заказ\"]')"}], "start": 1718873776862, "stop": 1718873776873}], "parameters": [{"name": "locator", "value": "('xpath', './/input[@placeholder=\"* Адрес: куда привезти заказ\"]')"}, {"name": "text", "value": "'Адрес 7'"}], "start": 1718873776862, "stop": 1718873776887}, {"name": "Выбор станции метро/даты/срока аренды", "status": "broken", "statusDetails": {"message": "selenium.common.exceptions.TimeoutException: Message: \nStacktrace:\nRemoteError@chrome://remote/content/shared/RemoteError.sys.mjs:8:8\nWebDriverError@chrome://remote/content/shared/webdriver/Errors.sys.mjs:193:5\nNoSuchElementError@chrome://remote/content/shared/webdriver/Errors.sys.mjs:511:5\ndom.find/</<@chrome://remote/content/shared/DOM.sys.mjs:136:16\n\n", "trace": "  File \"C:\\Users\\User\\PycharmProjects\\Sprint_6\\venv\\Lib\\site-packages\\allure_commons\\_allure.py\", line 192, in impl\n    return func(*a, **kw)\n           ^^^^^^^^^^^^^^\n  File \"C:\\Users\\User\\PycharmProjects\\Sprint_6\\pages\\order_page.py\", line 12, in choice_element\n    self.click_to_element(format_locator)\n  File \"C:\\Users\\User\\PycharmProjects\\Sprint_6\\venv\\Lib\\site-packages\\allure_commons\\_allure.py\", line 192, in impl\n    return func(*a, **kw)\n           ^^^^^^^^^^^^^^\n  File \"C:\\Users\\User\\PycharmProjects\\Sprint_6\\pages\\base_page.py\", line 17, in click_to_element\n    WebDriverWait(self.driver, 10).until(expected_conditions.visibility_of_element_located(locator))\n  File \"C:\\Users\\User\\PycharmProjects\\Sprint_6\\venv\\Lib\\site-packages\\selenium\\webdriver\\support\\wait.py\", line 105, in until\n    raise TimeoutException(message, screen, stacktrace)\n"}, "steps": [{"name": "поиск элемента с нажатием на него", "status": "passed", "parameters": [{"name": "locator", "value": "('xpath', './/input[@placeholder=\"* Станция метро\"]')"}], "start": 1718873776887, "stop": 1718873777133}, {"name": "форматирование локатора из списка", "status": "passed", "parameters": [{"name": "locator_original", "value": "('xpath', '.// button[contains( @class , \"select-search__option\") and @ value=\"{}\"]')"}, {"name": "number", "value": "'88'"}], "start": 1718873777133, "stop": 1718873777133}, {"name": "поиск элемента с нажатием на него", "status": "broken", "statusDetails": {"message": "selenium.common.exceptions.TimeoutException: Message: \nStacktrace:\nRemoteError@chrome://remote/content/shared/RemoteError.sys.mjs:8:8\nWebDriverError@chrome://remote/content/shared/webdriver/Errors.sys.mjs:193:5\nNoSuchElementError@chrome://remote/content/shared/webdriver/Errors.sys.mjs:511:5\ndom.find/</<@chrome://remote/content/shared/DOM.sys.mjs:136:16\n\n", "trace": "  File \"C:\\Users\\User\\PycharmProjects\\Sprint_6\\venv\\Lib\\site-packages\\allure_commons\\_allure.py\", line 192, in impl\n    return func(*a, **kw)\n           ^^^^^^^^^^^^^^\n  File \"C:\\Users\\User\\PycharmProjects\\Sprint_6\\pages\\base_page.py\", line 17, in click_to_element\n    WebDriverWait(self.driver, 10).until(expected_conditions.visibility_of_element_located(locator))\n  File \"C:\\Users\\User\\PycharmProjects\\Sprint_6\\venv\\Lib\\site-packages\\selenium\\webdriver\\support\\wait.py\", line 105, in until\n    raise TimeoutException(message, screen, stacktrace)\n"}, "parameters": [{"name": "locator", "value": "('xpath', '.// button[contains( @class , \"select-search__option\") and @ value=\"88\"]')"}], "start": 1718873777134, "stop": 1718873787284}], "parameters": [{"name": "field_locator", "value": "('xpath', './/input[@placeholder=\"* Станция метро\"]')"}, {"name": "button_locator", "value": "('xpath', '.// button[contains( @class , \"select-search__option\") and @ value=\"{}\"]')"}, {"name": "generated_method", "value": "<function generated_metro at 0x000001FC762C6D40>"}], "start": 1718873776887, "stop": 1718873787288}], "parameters": [{"name": "check_color_locator", "value": "('xpath', '.// input[ @ id = \"black\"]')"}, {"name": "order_info_dict", "value": "{'name': 'Игорь', 'surname': 'Ткаченко', 'address': 'Адрес 7', 'phone': '+72854618848', 'comment': 'комментарий'}"}], "start": 1718873776765, "stop": 1718873787289}], "attachments": [{"name": "log", "source": "f935940c-e4ca-4afc-a20d-3a24a400b37c-attachment.txt", "type": "text/plain"}], "parameters": [{"name": "locator_color", "value": "('xpath', '.// input[ @ id = \"black\"]')"}], "start": 1718873776501, "stop": 1718873787290, "uuid": "4b762aea-543e-4652-b9cd-0fda917622ef", "historyId": "e324cde2cbb038a259b011253d542ba9", "testCaseId": "fa2eaeb1e53ec3b2e104d328e9706fec", "fullName": "tests.test_order_page.TestOrderPage#test_create_order", "labels": [{"name": "parentSuite", "value": "tests"}, {"name": "suite", "value": "test_order_page"}, {"name": "subSuite", "value": "TestOrderPage"}, {"name": "host", "value": "DESKTOP-Q7I2UDM"}, {"name": "thread", "value": "16688-MainThread"}, {"name": "framework", "value": "pytest"}, {"name": "language", "value": "cpython3"}, {"name": "package", "value": "tests.test_order_page"}]}